[ 2020-07-23T21:09:48+08:00 ][ info ] [ BEHAVIOR ] Run Closure @app_init [ RunTime:0.001654s ]
[ info ] [ LOG ] INIT File
[ 2020-07-23T21:09:48+08:00 ][ info ] [ CACHE ] INIT File
[ 2020-07-23T21:09:48+08:00 ][ info ] [ BEHAVIOR ] Run Closure @app_init [ RunTime:0.020610s ]
[ 2020-07-23T21:09:48+08:00 ][ info ] [ DB ] INIT mysql
[ 2020-07-23T21:09:56+08:00 ][ info ] [ BEHAVIOR ] Run Closure @app_init [ RunTime:0.000161s ]
[ info ] [ LOG ] INIT File
[ 2020-07-23T21:09:56+08:00 ][ info ] [ CACHE ] INIT File
[ 2020-07-23T21:09:56+08:00 ][ info ] [ BEHAVIOR ] Run Closure @app_init [ RunTime:0.014060s ]
[ 2020-07-23T21:09:56+08:00 ][ info ] [ DB ] INIT mysql
[ 2020-07-23T21:09:56+08:00 ][ info ] [ LANG ] /www/wwwroot/gylc.com/application/admin/lang/zh-cn.php
[ 2020-07-23T21:10:47+08:00 ][ info ] [ BEHAVIOR ] Run Closure @app_init [ RunTime:0.000092s ]
[ info ] [ LOG ] INIT File
[ 2020-07-23T21:10:47+08:00 ][ info ] [ CACHE ] INIT File
[ 2020-07-23T21:10:47+08:00 ][ info ] [ BEHAVIOR ] Run Closure @app_init [ RunTime:0.009152s ]
[ 2020-07-23T21:10:47+08:00 ][ info ] [ DB ] INIT mysql
[ 2020-07-23T21:10:59+08:00 ][ info ] [ BEHAVIOR ] Run Closure @app_init [ RunTime:0.000097s ]
[ info ] [ LOG ] INIT File
[ 2020-07-23T21:10:59+08:00 ][ info ] [ CACHE ] INIT File
[ 2020-07-23T21:10:59+08:00 ][ info ] [ BEHAVIOR ] Run Closure @app_init [ RunTime:0.011222s ]
[ 2020-07-23T21:10:59+08:00 ][ info ] [ DB ] INIT mysql
[ 2020-07-23T21:12:05+08:00 ][ info ] [ BEHAVIOR ] Run Closure @app_init [ RunTime:0.000114s ]
[ info ] [ LOG ] INIT File
[ 2020-07-23T21:12:05+08:00 ][ info ] [ CACHE ] INIT File
[ 2020-07-23T21:12:05+08:00 ][ info ] [ BEHAVIOR ] Run Closure @app_init [ RunTime:0.018361s ]
[ 2020-07-23T21:12:05+08:00 ][ info ] [ DB ] INIT mysql
[ 2020-07-23T21:12:10+08:00 ][ info ] [ BEHAVIOR ] Run Closure @app_init [ RunTime:0.000096s ]
[ info ] [ LOG ] INIT File
[ 2020-07-23T21:12:10+08:00 ][ info ] [ CACHE ] INIT File
[ 2020-07-23T21:12:10+08:00 ][ info ] [ BEHAVIOR ] Run Closure @app_init [ RunTime:0.014660s ]
[ 2020-07-23T21:12:10+08:00 ][ info ] [ DB ] INIT mysql
[ 2020-07-23T21:12:10+08:00 ][ info ] [ LANG ] /www/wwwroot/gylc.com/application/admin/lang/zh-cn.php
