[ 2020-07-24T07:56:51+08:00 ][ info ] [ BEHAVIOR ] Run Closure @app_init [ RunTime:0.000093s ]
[ info ] [ LOG ] INIT File
[ 2020-07-24T07:56:51+08:00 ][ info ] [ CACHE ] INIT File
[ 2020-07-24T07:56:51+08:00 ][ info ] [ BEHAVIOR ] Run Closure @app_init [ RunTime:0.014296s ]
[ 2020-07-24T07:56:51+08:00 ][ info ] [ DB ] INIT mysql
[ 2020-07-24T07:56:59+08:00 ][ info ] [ BEHAVIOR ] Run Closure @app_init [ RunTime:0.000085s ]
[ info ] [ LOG ] INIT File
[ 2020-07-24T07:56:59+08:00 ][ info ] [ CACHE ] INIT File
[ 2020-07-24T07:56:59+08:00 ][ info ] [ BEHAVIOR ] Run Closure @app_init [ RunTime:0.014652s ]
[ 2020-07-24T07:56:59+08:00 ][ info ] [ DB ] INIT mysql
[ 2020-07-24T07:56:59+08:00 ][ info ] [ LANG ] /www/wwwroot/gylc.com/application/admin/lang/zh-cn.php
[ 2020-07-24T07:57:29+08:00 ][ info ] [ BEHAVIOR ] Run Closure @app_init [ RunTime:0.000095s ]
[ info ] [ LOG ] INIT File
[ 2020-07-24T07:57:29+08:00 ][ info ] [ CACHE ] INIT File
[ 2020-07-24T07:57:29+08:00 ][ info ] [ BEHAVIOR ] Run Closure @app_init [ RunTime:0.014705s ]
[ 2020-07-24T07:57:29+08:00 ][ info ] [ DB ] INIT mysql
[ 2020-07-24T07:57:41+08:00 ][ info ] [ BEHAVIOR ] Run Closure @app_init [ RunTime:0.000083s ]
[ info ] [ LOG ] INIT File
[ 2020-07-24T07:57:41+08:00 ][ info ] [ CACHE ] INIT File
[ 2020-07-24T07:57:41+08:00 ][ info ] [ BEHAVIOR ] Run Closure @app_init [ RunTime:0.010384s ]
[ 2020-07-24T07:57:41+08:00 ][ info ] [ DB ] INIT mysql
[ 2020-07-24T07:57:41+08:00 ][ info ] [ LANG ] /www/wwwroot/gylc.com/application/admin/lang/zh-cn.php
[ 2020-07-24T07:58:09+08:00 ][ info ] [ BEHAVIOR ] Run Closure @app_init [ RunTime:0.000092s ]
[ info ] [ LOG ] INIT File
[ 2020-07-24T07:58:09+08:00 ][ info ] [ CACHE ] INIT File
[ 2020-07-24T07:58:09+08:00 ][ info ] [ BEHAVIOR ] Run Closure @app_init [ RunTime:0.009869s ]
[ 2020-07-24T07:58:25+08:00 ][ info ] [ BEHAVIOR ] Run Closure @app_init [ RunTime:0.000095s ]
[ info ] [ LOG ] INIT File
[ 2020-07-24T07:58:25+08:00 ][ info ] [ CACHE ] INIT File
[ 2020-07-24T07:58:25+08:00 ][ info ] [ BEHAVIOR ] Run Closure @app_init [ RunTime:0.010805s ]
[ 2020-07-24T07:58:26+08:00 ][ info ] [ DB ] INIT mysql
[ 2020-07-24T07:58:34+08:00 ][ info ] [ BEHAVIOR ] Run Closure @app_init [ RunTime:0.000094s ]
[ info ] [ LOG ] INIT File
[ 2020-07-24T07:58:34+08:00 ][ info ] [ CACHE ] INIT File
[ 2020-07-24T07:58:34+08:00 ][ info ] [ BEHAVIOR ] Run Closure @app_init [ RunTime:0.010122s ]
[ 2020-07-24T07:58:34+08:00 ][ info ] [ DB ] INIT mysql
[ 2020-07-24T07:58:34+08:00 ][ info ] [ LANG ] /www/wwwroot/gylc.com/application/admin/lang/zh-cn.php
